<?xml version="1.0" encoding="UTF-8"?>
<!-- Generated by org.testng.reporters.JUnitReportReporter -->
<testsuite hostname="Asus_TUF" failures="0" tests="1" name="com.demo.E_commerce.test1" time="46.721" errors="0" timestamp="2022-10-18T21:46:17 IST" skipped="0">
  <testcase classname="com.demo.E_commerce.test1" name="flipkart" time="46.721"/>
  <system-out/>
</testsuite> <!-- com.demo.E_commerce.test1 -->
